<arrow::down>[R]

<arrow::down>[R]

<capital-lock>[P]

<capital-lock>[R after 0.092000s]

'l'[P]
'l'[R after 0.058000s]
<capital-lock>[P]

<capital-lock>[R after 0.070000s]

'O'[P]
'o'[R after 0.058000s]
'o'[R after 0.058000s]
'r'[P]
'r'[R after 0.067000s]
'r'[R after 0.067000s]
'e'[P]
'm'[P]
'e'[R after 0.074000s]
'm'[R after 0.058000s]
'm'[R after 0.058000s]
' '[P]
' '[R after 0.089000s]
' '[R after 0.089000s]
'i'[P]
'i'[R after 0.057000s]
'i'[R after 0.057000s]
'p'[P]
'p'[R after 0.053000s]
'p'[R after 0.053000s]
's'[P]
's'[R after 0.065000s]
's'[R after 0.065000s]
'u'[P]
'u'[R after 0.040000s]
'u'[R after 0.040000s]
'm'[P]
'm'[R after 0.054000s]
'm'[R after 0.054000s]
<control::left>[P]

<control::left>[P]

